**** Debug log started: Sun Mar 30 15:18:42 CEST 2014 ****
% Storage System: v1 file storage mode.
% Internal Data Cache size:          4194304
% Internal Data Cache max cell size: 8192
% lookup_comparison_list = false
% read_only = false
% transaction_error_on_dirty_select = true
% ignore_case_for_identifiers = false
% Java NIO API is available.
% io_safety_level = 10
% Using stardard IO API for heap buffered file access.
% [Buffer Manager] Using IO API: Java IO
% [Buffer Manager] Page Size: 8192
% [Buffer Manager] Max pages: 256
% Using regex bridge: java.util.regexp
% No 'function_factories' config property found.
% statement_cache = true
% Max worker threads set to: 4
% Starting Database Server
**** Debug log started: Sun Mar 30 15:19:28 CEST 2014 ****
% Storage System: v1 file storage mode.
% Internal Data Cache size:          4194304
% Internal Data Cache max cell size: 8192
% lookup_comparison_list = false
% read_only = false
% transaction_error_on_dirty_select = true
% ignore_case_for_identifiers = false
% Java NIO API is available.
% io_safety_level = 10
% Using stardard IO API for heap buffered file access.
% [Buffer Manager] Using IO API: Java IO
% [Buffer Manager] Page Size: 8192
% [Buffer Manager] Max pages: 256
% Using regex bridge: java.util.regexp
% No 'function_factories' config property found.
% statement_cache = true
% Max worker threads set to: 4
% Starting Database Server
[ TIME: Sun Mar 30 15:46:40 CEST 2014 ]
% com.mckoi.database.sql.ParseException: Encountered ")" at line 1, column 70.
Was expecting one of:
    <EOF> 
    "limit" ...
    ";" ...
    "=" ...
    "==" ...
    ">" ...
    "<" ...
    ">=" ...
    "<=" ...
    <NOTEQ> ...
    "is" ...
    "like" ...
    "not" ...
    "and" ...
    "or" ...
    "/" ...
    "+" ...
    "-" ...
    "*" ...
    "||" ...
    "regex" ...
    <REGEX_LITERAL> ...
    "in" ...
    "between" ...
    
	at com.mckoi.database.sql.SQL.generateParseException(SQL.java:6070)
	at com.mckoi.database.sql.SQL.jj_consume_token(SQL.java:5939)
	at com.mckoi.database.sql.SQL.Statement(SQL.java:224)
	at com.mckoi.database.interpret.SQLQueryExecutor.execute(SQLQueryExecutor.java:94)
	at com.mckoi.database.jdbcserver.AbstractJDBCDatabaseInterface.execQuery(AbstractJDBCDatabaseInterface.java:461)
	at com.mckoi.database.jdbcserver.JDBCDatabaseInterface.execQuery(JDBCDatabaseInterface.java:251)
	at com.mckoi.database.jdbcserver.JDBCProcessor.queryCommand(JDBCProcessor.java:352)
	at com.mckoi.database.jdbcserver.JDBCProcessor.processQuery(JDBCProcessor.java:293)
	at com.mckoi.database.jdbcserver.JDBCProcessor.processJDBCCommand(JDBCProcessor.java:196)
	at com.mckoi.database.jdbcserver.StreamJDBCServerConnection.processRequest(StreamJDBCServerConnection.java:137)
	at com.mckoi.database.jdbcserver.MultiThreadedConnectionPoolServer$ClientThread$1.run(MultiThreadedConnectionPoolServer.java:171)
	at com.mckoi.database.WorkerThread.run(WorkerThread.java:123)
[ TIME: Sun Mar 30 15:46:58 CEST 2014 ]
% com.mckoi.database.sql.ParseException: Encountered ")" at line 1, column 70.
Was expecting one of:
    <EOF> 
    "limit" ...
    ";" ...
    "=" ...
    "==" ...
    ">" ...
    "<" ...
    ">=" ...
    "<=" ...
    <NOTEQ> ...
    "is" ...
    "like" ...
    "not" ...
    "and" ...
    "or" ...
    "/" ...
    "+" ...
    "-" ...
    "*" ...
    "||" ...
    "regex" ...
    <REGEX_LITERAL> ...
    "in" ...
    "between" ...
    
	at com.mckoi.database.sql.SQL.generateParseException(SQL.java:6070)
	at com.mckoi.database.sql.SQL.jj_consume_token(SQL.java:5939)
	at com.mckoi.database.sql.SQL.Statement(SQL.java:224)
	at com.mckoi.database.interpret.SQLQueryExecutor.execute(SQLQueryExecutor.java:94)
	at com.mckoi.database.jdbcserver.AbstractJDBCDatabaseInterface.execQuery(AbstractJDBCDatabaseInterface.java:461)
	at com.mckoi.database.jdbcserver.JDBCDatabaseInterface.execQuery(JDBCDatabaseInterface.java:251)
	at com.mckoi.database.jdbcserver.JDBCProcessor.queryCommand(JDBCProcessor.java:352)
	at com.mckoi.database.jdbcserver.JDBCProcessor.processQuery(JDBCProcessor.java:293)
	at com.mckoi.database.jdbcserver.JDBCProcessor.processJDBCCommand(JDBCProcessor.java:196)
	at com.mckoi.database.jdbcserver.StreamJDBCServerConnection.processRequest(StreamJDBCServerConnection.java:137)
	at com.mckoi.database.jdbcserver.MultiThreadedConnectionPoolServer$ClientThread$1.run(MultiThreadedConnectionPoolServer.java:171)
	at com.mckoi.database.WorkerThread.run(WorkerThread.java:123)
[ TIME: Sun Mar 30 16:11:38 CEST 2014 ]
% com.mckoi.database.sql.ParseException: Encountered "*" at line 1, column 8.
Was expecting:
    "from" ...
    
	at com.mckoi.database.sql.SQL.generateParseException(SQL.java:6070)
	at com.mckoi.database.sql.SQL.jj_consume_token(SQL.java:5939)
	at com.mckoi.database.sql.SQL.Delete(SQL.java:910)
	at com.mckoi.database.sql.SQL.Statement(SQL.java:180)
	at com.mckoi.database.interpret.SQLQueryExecutor.execute(SQLQueryExecutor.java:94)
	at com.mckoi.database.jdbcserver.AbstractJDBCDatabaseInterface.execQuery(AbstractJDBCDatabaseInterface.java:461)
	at com.mckoi.database.jdbcserver.JDBCDatabaseInterface.execQuery(JDBCDatabaseInterface.java:251)
	at com.mckoi.database.jdbcserver.JDBCProcessor.queryCommand(JDBCProcessor.java:352)
	at com.mckoi.database.jdbcserver.JDBCProcessor.processQuery(JDBCProcessor.java:293)
	at com.mckoi.database.jdbcserver.JDBCProcessor.processJDBCCommand(JDBCProcessor.java:196)
	at com.mckoi.database.jdbcserver.StreamJDBCServerConnection.processRequest(StreamJDBCServerConnection.java:137)
	at com.mckoi.database.jdbcserver.MultiThreadedConnectionPoolServer$ClientThread$1.run(MultiThreadedConnectionPoolServer.java:171)
	at com.mckoi.database.WorkerThread.run(WorkerThread.java:123)
% Dropped: 021APP_TEMPERATURES
> com.mckoi.database.jdbcserver.JDBCDatabaseInterface ( lvl: 20 )
  Exception thrown during query processing on: [ Query:
[ INSERT INTO TEMPERATURES VALUES ('Valence', '25.5') ]

]
[ TIME: Sun Mar 30 16:13:02 CEST 2014 ]
% com.mckoi.database.DatabaseConstraintViolationException: Immediate primary Key constraint violation (_ANONYMOUS_CONSTRAINT_6) Columns = ( STATION ) Table = ( APP.TEMPERATURES )
	at com.mckoi.database.TableDataConglomerate.checkAddConstraintViolations(TableDataConglomerate.java:1963)
	at com.mckoi.database.MasterTableDataSource$MMutableTableDataSource.constraintIntegrityCheck(MasterTableDataSource.java:1924)
	at com.mckoi.database.DataTable.add(DataTable.java:180)
	at com.mckoi.database.interpret.Insert.evaluate(Insert.java:261)
	at com.mckoi.database.interpret.SQLQueryExecutor.execute(SQLQueryExecutor.java:147)
	at com.mckoi.database.jdbcserver.AbstractJDBCDatabaseInterface.execQuery(AbstractJDBCDatabaseInterface.java:461)
	at com.mckoi.database.jdbcserver.JDBCDatabaseInterface.execQuery(JDBCDatabaseInterface.java:251)
	at com.mckoi.database.jdbcserver.JDBCProcessor.queryCommand(JDBCProcessor.java:352)
	at com.mckoi.database.jdbcserver.JDBCProcessor.processQuery(JDBCProcessor.java:293)
	at com.mckoi.database.jdbcserver.JDBCProcessor.processJDBCCommand(JDBCProcessor.java:196)
	at com.mckoi.database.jdbcserver.StreamJDBCServerConnection.processRequest(StreamJDBCServerConnection.java:137)
	at com.mckoi.database.jdbcserver.MultiThreadedConnectionPoolServer$ClientThread$1.run(MultiThreadedConnectionPoolServer.java:171)
	at com.mckoi.database.WorkerThread.run(WorkerThread.java:123)
> com.mckoi.database.jdbcserver.JDBCDatabaseInterface ( lvl: 20 )
  Exception thrown during query processing on: [ Query:
[ SELECT TEMPERATURE FROM TEMPERATURES WHERE STATION = VALENCE ]

Params:
[ Valence,  ]
]
[ TIME: Sun Mar 30 21:42:37 CEST 2014 ]
% com.mckoi.database.StatementException: Reference 'VALENCE' not found.
	at com.mckoi.database.interpret.TableExpressionFromSet.qualifyVariable(TableExpressionFromSet.java:470)
	at com.mckoi.database.interpret.TableExpressionFromSet$1.prepare(TableExpressionFromSet.java:487)
	at com.mckoi.database.Expression.prepare(Expression.java:368)
	at com.mckoi.database.interpret.SearchExpression.prepare(SearchExpression.java:102)
	at com.mckoi.database.interpret.Planner.prepareSearchExpression(Planner.java:96)
	at com.mckoi.database.interpret.Planner.formQueryPlan(Planner.java:452)
	at com.mckoi.database.interpret.Select.prepare(Select.java:123)
	at com.mckoi.database.interpret.SQLQueryExecutor.execute(SQLQueryExecutor.java:144)
	at com.mckoi.database.jdbcserver.AbstractJDBCDatabaseInterface.execQuery(AbstractJDBCDatabaseInterface.java:461)
	at com.mckoi.database.jdbcserver.JDBCDatabaseInterface.execQuery(JDBCDatabaseInterface.java:251)
	at com.mckoi.database.jdbcserver.JDBCProcessor.queryCommand(JDBCProcessor.java:352)
	at com.mckoi.database.jdbcserver.JDBCProcessor.processQuery(JDBCProcessor.java:293)
	at com.mckoi.database.jdbcserver.JDBCProcessor.processJDBCCommand(JDBCProcessor.java:196)
	at com.mckoi.database.jdbcserver.StreamJDBCServerConnection.processRequest(StreamJDBCServerConnection.java:137)
	at com.mckoi.database.jdbcserver.MultiThreadedConnectionPoolServer$ClientThread$1.run(MultiThreadedConnectionPoolServer.java:171)
	at com.mckoi.database.WorkerThread.run(WorkerThread.java:123)
